C51 COMPILER V9.60.7.0   MAIN                                                              08/14/2023 17:00:02 PAGE 1   


C51 COMPILER V9.60.7.0, COMPILATION OF MODULE MAIN
OBJECT MODULE PLACED IN .\Objects\main.obj
COMPILER INVOKED BY: C:\Keil_v5\C51\BIN\C51.EXE main.c OPTIMIZE(8,SPEED) BROWSE DEBUG OBJECTEXTEND PRINT(.\Listings\main
                    -.lst) TABS(2) OBJECT(.\Objects\main.obj)

line level    source

   1          #include <REGX52.H>
   2          #include <LCD.H>
   3          
   4          void lcd_effect (int choice){
   5   1        char name[20] = " NGUYEN THANH QUANG";
   6   1        char marks[10] = " DIEM 10";
   7   1        int i,j=0;
   8   1        switch (choice) {
   9   2          case 1:
  10   2                  lcd_init();
  11   2                  lcd_gotoxy(1,1);
  12   2                  lcd_str_cp(marks);
  13   2                  lcd_gotoxy(2,1);
  14   2                  lcd_str_cp(name);
  15   2                  delay_ms(500);
  16   2            break;
  17   2          case 2:
  18   2                  lcd_init();
  19   2                  for(i=16;i>=-1;i--){
  20   3                    lcd_gotoxy(1,i);
  21   3                    lcd_str_cp(marks);
  22   3                    lcd_gotoxy(2,15-i);
  23   3                    lcd_str_cp(name);
  24   3                    if(i%2 == 0){
  25   4                      led_display(light_Even);
  26   4                    }else {
  27   4                      led_display(light_Odd);
  28   4                    }
  29   3                    delay_ms(300);
  30   3                    lcd_cmd(lcd_clear);
  31   3                  }
  32   2            break;
  33   2          case 3:
  34   2                  lcd_init();
  35   2                  for(i=16;i>=-1;i--){
  36   3                    lcd_gotoxy(1,17-i);
  37   3                    lcd_str_cp(marks);
  38   3                    lcd_gotoxy(2,i);
  39   3                    lcd_str_cp(name);
  40   3                    if(i%2 == 0){
  41   4                      led_display(light_Even);
  42   4                    }else {
  43   4                      led_display(light_Odd);
  44   4                    }
  45   3                    delay_ms(300);
  46   3                    lcd_cmd(lcd_clear);
  47   3                  }
  48   2            break;
  49   2          default: break;
  50   2        }
  51   1      }
  52          
  53          void main(){
  54   1        led_display(1);
C51 COMPILER V9.60.7.0   MAIN                                                              08/14/2023 17:00:02 PAGE 2   

  55   1        delay_ms(500);
  56   1        led_display(2);
  57   1        delay_ms(500);
  58   1        while(1){
  59   2          lcd_effect(2);
  60   2        }
  61   1      }


MODULE INFORMATION:   STATIC OVERLAYABLE
   CODE SIZE        =    392    ----
   CONSTANT SIZE    =     30    ----
   XDATA SIZE       =   ----    ----
   PDATA SIZE       =   ----    ----
   DATA SIZE        =   ----      36
   IDATA SIZE       =   ----    ----
   BIT SIZE         =   ----    ----
END OF MODULE INFORMATION.


C51 COMPILATION COMPLETE.  0 WARNING(S),  0 ERROR(S)
